# JRE version: Java(TM) SE Runtime Environment (8.0_111-b14) (build 1.8.0_111-b14)
# Java VM: Java HotSpot(TM) Server VM (25.111-b14 mixed mode linux-x86 )
Heap:
 PSYoungGen      total 133120K, used 13623K [0x9c800000, 0xa7000000, 0xa7000000)
  eden space 92160K, 0% used [0x9c800000,0x9c800000,0xa2200000)
  from space 40960K, 33% used [0xa4800000,0xa554df60,0xa7000000)
  to   space 38912K, 0% used [0xa2200000,0xa2200000,0xa4800000)
 ParOldGen       total 260096K, used 259917K [0x87800000, 0x97600000, 0x9c800000)
  object space 260096K, 99% used [0x87800000,0x975d36f0,0x97600000)
 Metaspace       used 3551K, capacity 3560K, committed 3608K, reserved 4400K
GC Heap History (10 events):
Event: 19.070 GC heap after
Heap after GC invocations=42 (full 6):
 PSYoungGen      total 132352K, used 23248K [0x9c800000, 0xa7000000, 0xa7000000)
  eden space 103424K, 0% used [0x9c800000,0x9c800000,0xa2d00000)
  from space 28928K, 80% used [0xa53c0000,0xa6a74000,0xa7000000)
  to   space 34304K, 0% used [0xa2d00000,0xa2d00000,0xa4e80000)
 ParOldGen       total 260096K, used 224361K [0x87800000, 0x97600000, 0x9c800000)
  object space 260096K, 86% used [0x87800000,0x9531a420,0x97600000)
 Metaspace       used 3551K, capacity 3560K, committed 3608K, reserved 4400K
}
Event: 19.107 GC heap before
{Heap before GC invocations=43 (full 6):
 PSYoungGen      total 132352K, used 126672K [0x9c800000, 0xa7000000, 0xa7000000)
  eden space 103424K, 100% used [0x9c800000,0xa2d00000,0xa2d00000)
  from space 28928K, 80% used [0xa53c0000,0xa6a74000,0xa7000000)
  to   space 34304K, 0% used [0xa2d00000,0xa2d00000,0xa4e80000)
 ParOldGen       total 260096K, used 224361K [0x87800000, 0x97600000, 0x9c800000)
  object space 260096K, 86% used [0x87800000,0x9531a420,0x97600000)
 Metaspace       used 3551K, capacity 3560K, committed 3608K, reserved 4400K
Event: 19.193 GC heap after
Heap after GC invocations=43 (full 6):
 PSYoungGen      total 133632K, used 30144K [0x9c800000, 0xa7000000, 0xa7000000)
  eden space 103424K, 0% used [0x9c800000,0x9c800000,0xa2d00000)
  from space 30208K, 99% used [0xa2d00000,0xa4a70000,0xa4a80000)
  to   space 37632K, 0% used [0xa4b40000,0xa4b40000,0xa7000000)
 ParOldGen       total 260096K, used 224361K [0x87800000, 0x97600000, 0x9c800000)
  object space 260096K, 86% used [0x87800000,0x9531a420,0x97600000)
 Metaspace       used 3551K, capacity 3560K, committed 3608K, reserved 4400K
}
Event: 19.231 GC heap before
{Heap before GC invocations=44 (full 6):
 PSYoungGen      total 133632K, used 133568K [0x9c800000, 0xa7000000, 0xa7000000)
  eden space 103424K, 100% used [0x9c800000,0xa2d00000,0xa2d00000)
  from space 30208K, 99% used [0xa2d00000,0xa4a70000,0xa4a80000)
  to   space 37632K, 0% used [0xa4b40000,0xa4b40000,0xa7000000)
 ParOldGen       total 260096K, used 224361K [0x87800000, 0x97600000, 0x9c800000)
  object space 260096K, 86% used [0x87800000,0x9531a420,0x97600000)
 Metaspace       used 3551K, capacity 3560K, committed 3608K, reserved 4400K
Event: 19.312 GC heap after
Heap after GC invocations=44 (full 6):
 PSYoungGen      total 130304K, used 28976K [0x9c800000, 0xa7000000, 0xa7000000)
  eden space 92672K, 0% used [0x9c800000,0x9c800000,0xa2280000)
  from space 37632K, 76% used [0xa4b40000,0xa678c000,0xa7000000)
  to   space 39680K, 0% used [0xa2280000,0xa2280000,0xa4940000)
 ParOldGen       total 260096K, used 232449K [0x87800000, 0x97600000, 0x9c800000)
  object space 260096K, 89% used [0x87800000,0x95b00420,0x97600000)
 Metaspace       used 3551K, capacity 3560K, committed 3608K, reserved 4400K
}
Event: 19.344 GC heap before
{Heap before GC invocations=45 (full 6):
 PSYoungGen      total 130304K, used 121648K [0x9c800000, 0xa7000000, 0xa7000000)
  eden space 92672K, 100% used [0x9c800000,0xa2280000,0xa2280000)
  from space 37632K, 76% used [0xa4b40000,0xa678c000,0xa7000000)
  to   space 39680K, 0% used [0xa2280000,0xa2280000,0xa4940000)
 ParOldGen       total 260096K, used 232449K [0x87800000, 0x97600000, 0x9c800000)
  object space 260096K, 89% used [0x87800000,0x95b00420,0x97600000)
 Metaspace       used 3551K, capacity 3560K, committed 3608K, reserved 4400K
Event: 19.424 GC heap after
Heap after GC invocations=45 (full 6):
 PSYoungGen      total 120320K, used 27584K [0x9c800000, 0xa7000000, 0xa7000000)
  eden space 92672K, 0% used [0x9c800000,0x9c800000,0xa2280000)
  from space 27648K, 99% used [0xa2280000,0xa3d70000,0xa3d80000)
  to   space 40960K, 0% used [0xa4800000,0xa4800000,0xa7000000)
 ParOldGen       total 260096K, used 240041K [0x87800000, 0x97600000, 0x9c800000)
  object space 260096K, 92% used [0x87800000,0x9626a420,0x97600000)
 Metaspace       used 3551K, capacity 3560K, committed 3608K, reserved 4400K
}
Event: 19.454 GC heap before
{Heap before GC invocations=46 (full 6):
 PSYoungGen      total 120320K, used 120256K [0x9c800000, 0xa7000000, 0xa7000000)
  eden space 92672K, 100% used [0x9c800000,0xa2280000,0xa2280000)
  from space 27648K, 99% used [0xa2280000,0xa3d70000,0xa3d80000)
  to   space 40960K, 0% used [0xa4800000,0xa4800000,0xa7000000)
 ParOldGen       total 260096K, used 240041K [0x87800000, 0x97600000, 0x9c800000)
  object space 260096K, 92% used [0x87800000,0x9626a420,0x97600000)
 Metaspace       used 3551K, capacity 3560K, committed 3608K, reserved 4400K
Event: 19.531 GC heap after
Heap after GC invocations=46 (full 6):
 PSYoungGen      total 133120K, used 19280K [0x9c800000, 0xa7000000, 0xa7000000)
  eden space 92160K, 0% used [0x9c800000,0x9c800000,0xa2200000)
  from space 40960K, 47% used [0xa4800000,0xa5ad4000,0xa7000000)
  to   space 38912K, 0% used [0xa2200000,0xa2200000,0xa4800000)
 ParOldGen       total 260096K, used 254577K [0x87800000, 0x97600000, 0x9c800000)
  object space 260096K, 97% used [0x87800000,0x9709c420,0x97600000)
 Metaspace       used 3551K, capacity 3560K, committed 3608K, reserved 4400K
}
Event: 19.531 GC heap before
{Heap before GC invocations=47 (full 7):
 PSYoungGen      total 133120K, used 19280K [0x9c800000, 0xa7000000, 0xa7000000)
  eden space 92160K, 0% used [0x9c800000,0x9c800000,0xa2200000)
  from space 40960K, 47% used [0xa4800000,0xa5ad4000,0xa7000000)
  to   space 38912K, 0% used [0xa2200000,0xa2200000,0xa4800000)
 ParOldGen       total 260096K, used 254577K [0x87800000, 0x97600000, 0x9c800000)
  object space 260096K, 97% used [0x87800000,0x9709c420,0x97600000)
 Metaspace       used 3551K, capacity 3560K, committed 3608K, reserved 4400K

