# JRE version: Java(TM) SE Runtime Environment (8.0_111-b14) (build 1.8.0_111-b14)
# Java VM: Java HotSpot(TM) Server VM (25.111-b14 mixed mode linux-x86 )
Heap:
 PSYoungGen      total 132352K, used 0K [0x9c800000, 0xa7000000, 0xa7000000)
  eden space 95744K, 0% used [0x9c800000,0x9c800000,0xa2580000)
  from space 36608K, 0% used [0xa4980000,0xa4980000,0xa6d40000)
  to   space 36864K, 0% used [0xa2580000,0xa2580000,0xa4980000)
 ParOldGen       total 262400K, used 262314K [0x87800000, 0x97840000, 0x9c800000)
  object space 262400K, 99% used [0x87800000,0x9782aa00,0x97840000)
 Metaspace       used 3551K, capacity 3560K, committed 3608K, reserved 4400K
GC Heap History (10 events):
Event: 15.589 GC heap after
Heap after GC invocations=44 (full 6):
 PSYoungGen      total 133120K, used 25120K [0x9c800000, 0xa7000000, 0xa7000000)
  eden space 95232K, 0% used [0x9c800000,0x9c800000,0xa2500000)
  from space 37888K, 66% used [0xa4b00000,0xa6388000,0xa7000000)
  to   space 38400K, 0% used [0xa2500000,0xa2500000,0xa4a80000)
 ParOldGen       total 262400K, used 211784K [0x87800000, 0x97840000, 0x9c800000)
  object space 262400K, 80% used [0x87800000,0x946d2150,0x97840000)
 Metaspace       used 3551K, capacity 3560K, committed 3608K, reserved 4400K
}
Event: 15.642 GC heap before
{Heap before GC invocations=45 (full 6):
 PSYoungGen      total 133120K, used 120352K [0x9c800000, 0xa7000000, 0xa7000000)
  eden space 95232K, 100% used [0x9c800000,0xa2500000,0xa2500000)
  from space 37888K, 66% used [0xa4b00000,0xa6388000,0xa7000000)
  to   space 38400K, 0% used [0xa2500000,0xa2500000,0xa4a80000)
 ParOldGen       total 262400K, used 211784K [0x87800000, 0x97840000, 0x9c800000)
  object space 262400K, 80% used [0x87800000,0x946d2150,0x97840000)
 Metaspace       used 3551K, capacity 3560K, committed 3608K, reserved 4400K
Event: 15.812 GC heap after
Heap after GC invocations=45 (full 6):
 PSYoungGen      total 120576K, used 25248K [0x9c800000, 0xa7000000, 0xa7000000)
  eden space 95232K, 0% used [0x9c800000,0x9c800000,0xa2500000)
  from space 25344K, 99% used [0xa2500000,0xa3da8000,0xa3dc0000)
  to   space 38912K, 0% used [0xa4a00000,0xa4a00000,0xa7000000)
 ParOldGen       total 262400K, used 218040K [0x87800000, 0x97840000, 0x9c800000)
  object space 262400K, 83% used [0x87800000,0x94cee150,0x97840000)
 Metaspace       used 3551K, capacity 3560K, committed 3608K, reserved 4400K
}
Event: 15.884 GC heap before
{Heap before GC invocations=46 (full 6):
 PSYoungGen      total 120576K, used 120480K [0x9c800000, 0xa7000000, 0xa7000000)
  eden space 95232K, 100% used [0x9c800000,0xa2500000,0xa2500000)
  from space 25344K, 99% used [0xa2500000,0xa3da8000,0xa3dc0000)
  to   space 38912K, 0% used [0xa4a00000,0xa4a00000,0xa7000000)
 ParOldGen       total 262400K, used 218040K [0x87800000, 0x97840000, 0x9c800000)
  object space 262400K, 83% used [0x87800000,0x94cee150,0x97840000)
 Metaspace       used 3551K, capacity 3560K, committed 3608K, reserved 4400K
Event: 15.994 GC heap after
Heap after GC invocations=46 (full 6):
 PSYoungGen      total 134912K, used 19040K [0x9c800000, 0xa7000000, 0xa7000000)
  eden space 96000K, 0% used [0x9c800000,0x9c800000,0xa25c0000)
  from space 38912K, 48% used [0xa4a00000,0xa5c98000,0xa7000000)
  to   space 37120K, 0% used [0xa25c0000,0xa25c0000,0xa4a00000)
 ParOldGen       total 262400K, used 230636K [0x87800000, 0x97840000, 0x9c800000)
  object space 262400K, 87% used [0x87800000,0x9593b150,0x97840000)
 Metaspace       used 3551K, capacity 3560K, committed 3608K, reserved 4400K
}
Event: 16.047 GC heap before
{Heap before GC invocations=47 (full 6):
 PSYoungGen      total 134912K, used 115040K [0x9c800000, 0xa7000000, 0xa7000000)
  eden space 96000K, 100% used [0x9c800000,0xa25c0000,0xa25c0000)
  from space 38912K, 48% used [0xa4a00000,0xa5c98000,0xa7000000)
  to   space 37120K, 0% used [0xa25c0000,0xa25c0000,0xa4a00000)
 ParOldGen       total 262400K, used 230636K [0x87800000, 0x97840000, 0x9c800000)
  object space 262400K, 87% used [0x87800000,0x9593b150,0x97840000)
 Metaspace       used 3551K, capacity 3560K, committed 3608K, reserved 4400K
Event: 16.141 GC heap after
Heap after GC invocations=47 (full 6):
 PSYoungGen      total 108800K, used 12768K [0x9c800000, 0xa6d40000, 0xa7000000)
  eden space 96000K, 0% used [0x9c800000,0x9c800000,0xa25c0000)
  from space 12800K, 99% used [0xa25c0000,0xa3238000,0xa3240000)
  to   space 36608K, 0% used [0xa4980000,0xa4980000,0xa6d40000)
 ParOldGen       total 262400K, used 243352K [0x87800000, 0x97840000, 0x9c800000)
  object space 262400K, 92% used [0x87800000,0x965a6150,0x97840000)
 Metaspace       used 3551K, capacity 3560K, committed 3608K, reserved 4400K
}
Event: 16.215 GC heap before
{Heap before GC invocations=48 (full 6):
 PSYoungGen      total 108800K, used 108768K [0x9c800000, 0xa6d40000, 0xa7000000)
  eden space 96000K, 100% used [0x9c800000,0xa25c0000,0xa25c0000)
  from space 12800K, 99% used [0xa25c0000,0xa3238000,0xa3240000)
  to   space 36608K, 0% used [0xa4980000,0xa4980000,0xa6d40000)
 ParOldGen       total 262400K, used 243352K [0x87800000, 0x97840000, 0x9c800000)
  object space 262400K, 92% used [0x87800000,0x965a6150,0x97840000)
 Metaspace       used 3551K, capacity 3560K, committed 3608K, reserved 4400K
Event: 16.305 GC heap after
Heap after GC invocations=48 (full 6):
 PSYoungGen      total 132352K, used 6416K [0x9c800000, 0xa7000000, 0xa7000000)
  eden space 95744K, 0% used [0x9c800000,0x9c800000,0xa2580000)
  from space 36608K, 17% used [0xa4980000,0xa4fc4000,0xa6d40000)
  to   space 36864K, 0% used [0xa2580000,0xa2580000,0xa4980000)
 ParOldGen       total 262400K, used 256156K [0x87800000, 0x97840000, 0x9c800000)
  object space 262400K, 97% used [0x87800000,0x97227150,0x97840000)
 Metaspace       used 3551K, capacity 3560K, committed 3608K, reserved 4400K
}
Event: 16.305 GC heap before
{Heap before GC invocations=49 (full 7):
 PSYoungGen      total 132352K, used 6416K [0x9c800000, 0xa7000000, 0xa7000000)
  eden space 95744K, 0% used [0x9c800000,0x9c800000,0xa2580000)
  from space 36608K, 17% used [0xa4980000,0xa4fc4000,0xa6d40000)
  to   space 36864K, 0% used [0xa2580000,0xa2580000,0xa4980000)
 ParOldGen       total 262400K, used 256156K [0x87800000, 0x97840000, 0x9c800000)
  object space 262400K, 97% used [0x87800000,0x97227150,0x97840000)
 Metaspace       used 3551K, capacity 3560K, committed 3608K, reserved 4400K

